<?xml version="1.0" encoding="UTF-8"?>
<testsuite name="com.ttu.rbt.RbtApplicationTests" tests="1" skipped="0" failures="0" errors="0" timestamp="2021-04-12T18:14:31" hostname="GopiChands-MacBook-Pro.local" time="0.134">
  <properties/>
  <testcase name="contextLoads()" classname="com.ttu.rbt.RbtApplicationTests" time="0.134"/>
  <system-out><![CDATA[13:14:28.073 [Test worker] DEBUG org.springframework.test.context.BootstrapUtils - Instantiating CacheAwareContextLoaderDelegate from class [org.springframework.test.context.cache.DefaultCacheAwareContextLoaderDelegate]
13:14:28.082 [Test worker] DEBUG org.springframework.test.context.BootstrapUtils - Instantiating BootstrapContext using constructor [public org.springframework.test.context.support.DefaultBootstrapContext(java.lang.Class,org.springframework.test.context.CacheAwareContextLoaderDelegate)]
13:14:28.111 [Test worker] DEBUG org.springframework.test.context.BootstrapUtils - Instantiating TestContextBootstrapper for test class [com.ttu.rbt.RbtApplicationTests] from class [org.springframework.boot.test.context.SpringBootTestContextBootstrapper]
13:14:28.119 [Test worker] INFO org.springframework.boot.test.context.SpringBootTestContextBootstrapper - Neither @ContextConfiguration nor @ContextHierarchy found for test class [com.ttu.rbt.RbtApplicationTests], using SpringBootContextLoader
13:14:28.122 [Test worker] DEBUG org.springframework.test.context.support.AbstractContextLoader - Did not detect default resource location for test class [com.ttu.rbt.RbtApplicationTests]: class path resource [com/ttu/rbt/RbtApplicationTests-context.xml] does not exist
13:14:28.122 [Test worker] DEBUG org.springframework.test.context.support.AbstractContextLoader - Did not detect default resource location for test class [com.ttu.rbt.RbtApplicationTests]: class path resource [com/ttu/rbt/RbtApplicationTestsContext.groovy] does not exist
13:14:28.122 [Test worker] INFO org.springframework.test.context.support.AbstractContextLoader - Could not detect default resource locations for test class [com.ttu.rbt.RbtApplicationTests]: no resource found for suffixes {-context.xml, Context.groovy}.
13:14:28.123 [Test worker] INFO org.springframework.test.context.support.AnnotationConfigContextLoaderUtils - Could not detect default configuration classes for test class [com.ttu.rbt.RbtApplicationTests]: RbtApplicationTests does not declare any static, non-private, non-final, nested classes annotated with @Configuration.
13:14:28.158 [Test worker] DEBUG org.springframework.test.context.support.ActiveProfilesUtils - Could not find an 'annotation declaring class' for annotation type [org.springframework.test.context.ActiveProfiles] and class [com.ttu.rbt.RbtApplicationTests]
13:14:28.202 [Test worker] DEBUG org.springframework.context.annotation.ClassPathScanningCandidateComponentProvider - Identified candidate component class: file [/Users/gopichandureddy/Downloads/TTI-Backend/build/classes/java/main/com/ttu/rbt/RbtApplication.class]
13:14:28.203 [Test worker] INFO org.springframework.boot.test.context.SpringBootTestContextBootstrapper - Found @SpringBootConfiguration com.ttu.rbt.RbtApplication for test class com.ttu.rbt.RbtApplicationTests
13:14:28.272 [Test worker] DEBUG org.springframework.boot.test.context.SpringBootTestContextBootstrapper - @TestExecutionListeners is not present for class [com.ttu.rbt.RbtApplicationTests]: using defaults.
13:14:28.272 [Test worker] INFO org.springframework.boot.test.context.SpringBootTestContextBootstrapper - Loaded default TestExecutionListener class names from location [META-INF/spring.factories]: [org.springframework.boot.test.autoconfigure.restdocs.RestDocsTestExecutionListener, org.springframework.boot.test.autoconfigure.web.client.MockRestServiceServerResetTestExecutionListener, org.springframework.boot.test.autoconfigure.web.servlet.MockMvcPrintOnlyOnFailureTestExecutionListener, org.springframework.boot.test.autoconfigure.web.servlet.WebDriverTestExecutionListener, org.springframework.boot.test.autoconfigure.webservices.client.MockWebServiceServerTestExecutionListener, org.springframework.boot.test.mock.mockito.MockitoTestExecutionListener, org.springframework.boot.test.mock.mockito.ResetMocksTestExecutionListener, org.springframework.test.context.web.ServletTestExecutionListener, org.springframework.test.context.support.DirtiesContextBeforeModesTestExecutionListener, org.springframework.test.context.event.ApplicationEventsTestExecutionListener, org.springframework.test.context.support.DependencyInjectionTestExecutionListener, org.springframework.test.context.support.DirtiesContextTestExecutionListener, org.springframework.test.context.transaction.TransactionalTestExecutionListener, org.springframework.test.context.jdbc.SqlScriptsTestExecutionListener, org.springframework.test.context.event.EventPublishingTestExecutionListener]
13:14:28.284 [Test worker] INFO org.springframework.boot.test.context.SpringBootTestContextBootstrapper - Using TestExecutionListeners: [org.springframework.test.context.web.ServletTestExecutionListener@2f2a6854, org.springframework.test.context.support.DirtiesContextBeforeModesTestExecutionListener@67c03db0, org.springframework.test.context.event.ApplicationEventsTestExecutionListener@14aa3d29, org.springframework.boot.test.mock.mockito.MockitoTestExecutionListener@4ba29bec, org.springframework.boot.test.autoconfigure.SpringBootDependencyInjectionTestExecutionListener@37362204, org.springframework.test.context.support.DirtiesContextTestExecutionListener@51fdb4ef, org.springframework.test.context.transaction.TransactionalTestExecutionListener@147b988c, org.springframework.test.context.jdbc.SqlScriptsTestExecutionListener@4bd91c14, org.springframework.test.context.event.EventPublishingTestExecutionListener@4d792169, org.springframework.boot.test.autoconfigure.restdocs.RestDocsTestExecutionListener@711fbee5, org.springframework.boot.test.autoconfigure.web.client.MockRestServiceServerResetTestExecutionListener@3968f7b2, org.springframework.boot.test.autoconfigure.web.servlet.MockMvcPrintOnlyOnFailureTestExecutionListener@3a526537, org.springframework.boot.test.autoconfigure.web.servlet.WebDriverTestExecutionListener@3ea4697d, org.springframework.boot.test.autoconfigure.webservices.client.MockWebServiceServerTestExecutionListener@32c010da, org.springframework.boot.test.mock.mockito.ResetMocksTestExecutionListener@4cebb457]
13:14:28.286 [Test worker] DEBUG org.springframework.test.context.support.AbstractDirtiesContextTestExecutionListener - Before test class: context [DefaultTestContext@34ec96df testClass = RbtApplicationTests, testInstance = [null], testMethod = [null], testException = [null], mergedContextConfiguration = [WebMergedContextConfiguration@1d62643b testClass = RbtApplicationTests, locations = '{}', classes = '{class com.ttu.rbt.RbtApplication}', contextInitializerClasses = '[]', activeProfiles = '{}', propertySourceLocations = '{}', propertySourceProperties = '{org.springframework.boot.test.context.SpringBootTestContextBootstrapper=true}', contextCustomizers = set[org.springframework.boot.test.autoconfigure.actuate.metrics.MetricsExportContextCustomizerFactory$DisableMetricExportContextCustomizer@1ca99a70, org.springframework.boot.test.autoconfigure.properties.PropertyMappingContextCustomizer@0, org.springframework.boot.test.autoconfigure.web.servlet.WebDriverContextCustomizerFactory$Customizer@2dcc4ef6, org.springframework.boot.test.context.filter.ExcludeFilterContextCustomizer@3e9399d, org.springframework.boot.test.json.DuplicateJsonObjectContextCustomizerFactory$DuplicateJsonObjectContextCustomizer@6b5bd528, org.springframework.boot.test.mock.mockito.MockitoContextCustomizer@0, org.springframework.boot.test.web.client.TestRestTemplateContextCustomizer@6da2468a, org.springframework.boot.test.context.SpringBootTestArgs@1, org.springframework.boot.test.context.SpringBootTestWebEnvironment@3e35ea87], resourceBasePath = 'src/main/webapp', contextLoader = 'org.springframework.boot.test.context.SpringBootContextLoader', parent = [null]], attributes = map['org.springframework.test.context.web.ServletTestExecutionListener.activateListener' -> true]], class annotated with @DirtiesContext [false] with mode [null].
13:14:28.309 [Test worker] DEBUG org.springframework.test.context.support.TestPropertySourceUtils - Adding inlined properties to environment: {spring.jmx.enabled=false, org.springframework.boot.test.context.SpringBootTestContextBootstrapper=true}
2021-04-12 13:14:28.536  INFO 4614 --- [    Test worker] com.ttu.rbt.RbtApplicationTests          : Starting RbtApplicationTests using Java 15.0.1 on GopiChands-MacBook-Pro.local with PID 4614 (started by gopichandureddy in /Users/gopichandureddy/Downloads/TTI-Backend)
2021-04-12 13:14:28.538  INFO 4614 --- [    Test worker] com.ttu.rbt.RbtApplicationTests          : No active profile set, falling back to default profiles: default
2021-04-12 13:14:29.024  INFO 4614 --- [    Test worker] .s.d.r.c.RepositoryConfigurationDelegate : Bootstrapping Spring Data JPA repositories in DEFAULT mode.
2021-04-12 13:14:29.062  INFO 4614 --- [    Test worker] .s.d.r.c.RepositoryConfigurationDelegate : Finished Spring Data repository scanning in 33 ms. Found 2 JPA repository interfaces.
2021-04-12 13:14:29.473  INFO 4614 --- [    Test worker] o.hibernate.jpa.internal.util.LogHelper  : HHH000204: Processing PersistenceUnitInfo [name: default]
2021-04-12 13:14:29.510  INFO 4614 --- [    Test worker] org.hibernate.Version                    : HHH000412: Hibernate ORM core version 5.4.28.Final
2021-04-12 13:14:29.620  INFO 4614 --- [    Test worker] o.hibernate.annotations.common.Version   : HCANN000001: Hibernate Commons Annotations {5.1.2.Final}
2021-04-12 13:14:29.707  INFO 4614 --- [    Test worker] com.zaxxer.hikari.HikariDataSource       : HikariPool-1 - Starting...
2021-04-12 13:14:30.185  INFO 4614 --- [    Test worker] com.zaxxer.hikari.HikariDataSource       : HikariPool-1 - Start completed.
2021-04-12 13:14:30.206  INFO 4614 --- [    Test worker] org.hibernate.dialect.Dialect            : HHH000400: Using dialect: org.hibernate.dialect.MySQL8Dialect
2021-04-12 13:14:30.761  INFO 4614 --- [    Test worker] o.h.e.t.j.p.i.JtaPlatformInitiator       : HHH000490: Using JtaPlatform implementation: [org.hibernate.engine.transaction.jta.platform.internal.NoJtaPlatform]
2021-04-12 13:14:30.767  INFO 4614 --- [    Test worker] j.LocalContainerEntityManagerFactoryBean : Initialized JPA EntityManagerFactory for persistence unit 'default'
2021-04-12 13:14:31.272  WARN 4614 --- [    Test worker] JpaBaseConfiguration$JpaWebConfiguration : spring.jpa.open-in-view is enabled by default. Therefore, database queries may be performed during view rendering. Explicitly configure spring.jpa.open-in-view to disable this warning
2021-04-12 13:14:31.429  INFO 4614 --- [    Test worker] o.s.s.concurrent.ThreadPoolTaskExecutor  : Initializing ExecutorService 'applicationTaskExecutor'
2021-04-12 13:14:31.711  INFO 4614 --- [    Test worker] com.ttu.rbt.RbtApplicationTests          : Started RbtApplicationTests in 3.397 seconds (JVM running for 4.236)
]]></system-out>
  <system-err><![CDATA[]]></system-err>
</testsuite>
